*** Using Compiler 'V5.06 update 7 (build 960)', folder: 'C:\Program Files\Keil_v5\ARM\ARMCC\Bin'
Build target 'safeMRC'
assembling startup_stm32h750xx.s...
compiling Array_user.c...
compiling crc_ccitt.c...
compiling trajectory.c...
compiling gpio.c...
compiling drv_led.c...
compiling drv_key.c...
compiling drv_encoder.c...
compiling drv_vnh7040.c...
compiling drv_mrc.c...
..\Common\Inc\pid_controller.h(79): warning:  #1-D: last line of file ends without a newline
  #endif /* PID_CONTROLLER_H */
..\Device\Src\drv_mrc.c: 1 warning, 0 errors
compiling main.c...
..\Common\Inc\pid_controller.h(79): warning:  #1-D: last line of file ends without a newline
  #endif /* PID_CONTROLLER_H */
../Core/Src/main.c: 1 warning, 0 errors
compiling adc.c...
compiling usart.c...
compiling stm32h7xx_it.c...
..\Common\Inc\pid_controller.h(79): warning:  #1-D: last line of file ends without a newline
  #endif /* PID_CONTROLLER_H */
../Core/Src/stm32h7xx_it.c: 1 warning, 0 errors
compiling stm32h7xx_hal_msp.c...
compiling tim.c...
compiling dma.c...
compiling stm32h7xx_hal_adc.c...
